1539537108661:lol
1539537159768:exit
1539537885862:greet
1539537919561:exit
1539538833315:lol
1539538856749:help
1539538874173:exit
1539539207487:help
1539539219792:regl
1539539234773:join
1539539636098:exit
1539539681312:regl
1539539729405:join
1539539755376:unreg
1539541553232:help
1539541556964:regl
1539541567556:stacktrace
1539543863767:regl
1539543881520:unreg
1539544035047:join
1539544039864:table
1539586897531:help
1539586901973:regl
1539586907718:reg 0.0.0.0
1539586924169:exit
1539587285271:quit
1539587313764:q
1539587315921:quit
1539587339192:help
1539587345820:files
1539587408318:table
1539587423937:quit
1539587996756:exit
1539588052638:help
1539588076680:search --n lol
1539588083956:search --n lol --h 1
1539588130029:search n lol h 1
1539588240061:exit
1539588277406:search lol
1539588288141:search lol 4
1539589241205:exit
1539589318644:reg 0.0.0.0.0
1539589337936:reg --ip 0.0.0.0.0
1539589344632:search lol 2
1539589348000:search lol
1539589364255:table
1539589367602:files
1539589372528:exit
